0 info it worked if it ends with ok
1 verbose cli [ 'C:\\Program Files\\nodejs\\node.exe',
1 verbose cli   'C:\\Users\\Leo\\AppData\\Roaming\\npm\\node_modules\\npm\\bin\\npm-cli.js',
1 verbose cli   'install',
1 verbose cli   'libxmljs' ]
2 info using npm@3.10.5
3 info using node@v4.4.7
4 silly loadCurrentTree Starting
5 silly install loadCurrentTree
6 silly install readLocalPackageData
7 silly fetchPackageMetaData libxmljs
8 silly fetchNamedPackageData libxmljs
9 silly mapToRegistry name libxmljs
10 silly mapToRegistry using default registry
11 silly mapToRegistry registry https://registry.npmjs.org/
12 silly mapToRegistry data Result {
12 silly mapToRegistry   raw: 'libxmljs',
12 silly mapToRegistry   scope: null,
12 silly mapToRegistry   escapedName: 'libxmljs',
12 silly mapToRegistry   name: 'libxmljs',
12 silly mapToRegistry   rawSpec: '',
12 silly mapToRegistry   spec: 'latest',
12 silly mapToRegistry   type: 'tag' }
13 silly mapToRegistry uri https://registry.npmjs.org/libxmljs
14 verbose request uri https://registry.npmjs.org/libxmljs
15 verbose request no auth needed
16 info attempt registry request try #1 at 3:16:30 PM
17 verbose request id 0364bdb065c747a9
18 verbose etag "23F2XOUIWD2U16REF34JBVXKM"
19 http request GET https://registry.npmjs.org/libxmljs
20 http 304 https://registry.npmjs.org/libxmljs
21 verbose headers { date: 'Fri, 05 Aug 2016 09:46:34 GMT',
21 verbose headers   via: '1.1 varnish',
21 verbose headers   'cache-control': 'max-age=300',
21 verbose headers   etag: '"23F2XOUIWD2U16REF34JBVXKM"',
21 verbose headers   age: '59',
21 verbose headers   connection: 'keep-alive',
21 verbose headers   'x-served-by': 'cache-sin6926-SIN',
21 verbose headers   'x-cache': 'HIT',
21 verbose headers   'x-cache-hits': '2',
21 verbose headers   'x-timer': 'S1470390394.598467,VS0,VE0',
21 verbose headers   vary: 'Accept-Encoding' }
22 silly get cb [ 304,
22 silly get   { date: 'Fri, 05 Aug 2016 09:46:34 GMT',
22 silly get     via: '1.1 varnish',
22 silly get     'cache-control': 'max-age=300',
22 silly get     etag: '"23F2XOUIWD2U16REF34JBVXKM"',
22 silly get     age: '59',
22 silly get     connection: 'keep-alive',
22 silly get     'x-served-by': 'cache-sin6926-SIN',
22 silly get     'x-cache': 'HIT',
22 silly get     'x-cache-hits': '2',
22 silly get     'x-timer': 'S1470390394.598467,VS0,VE0',
22 silly get     vary: 'Accept-Encoding' } ]
23 verbose etag https://registry.npmjs.org/libxmljs from cache
24 verbose get saving libxmljs to C:\Users\Leo\AppData\Roaming\npm-cache\registry.npmjs.org\libxmljs\.cache.json
25 verbose correctMkdir C:\Users\Leo\AppData\Roaming\npm-cache correctMkdir not in flight; initializing
26 silly install normalizeTree
27 silly loadCurrentTree Finishing
28 silly loadIdealTree Starting
29 silly install loadIdealTree
30 silly cloneCurrentTree Starting
31 silly install cloneCurrentTreeToIdealTree
32 silly cloneCurrentTree Finishing
33 silly loadShrinkwrap Starting
34 silly install loadShrinkwrap
35 silly loadShrinkwrap Finishing
36 silly loadAllDepsIntoIdealTree Starting
37 silly install loadAllDepsIntoIdealTree
38 silly resolveWithNewModule libxmljs@0.18.0 checking installable status
39 silly cache add args [ 'libxmljs', null ]
40 verbose cache add spec libxmljs
41 silly cache add parsed spec Result {
41 silly cache add   raw: 'libxmljs',
41 silly cache add   scope: null,
41 silly cache add   escapedName: 'libxmljs',
41 silly cache add   name: 'libxmljs',
41 silly cache add   rawSpec: '',
41 silly cache add   spec: 'latest',
41 silly cache add   type: 'tag' }
42 silly addNamed libxmljs@latest
43 verbose addNamed "latest" is being treated as a dist-tag for libxmljs
44 info addNameTag [ 'libxmljs', 'latest' ]
45 silly mapToRegistry name libxmljs
46 silly mapToRegistry using default registry
47 silly mapToRegistry registry https://registry.npmjs.org/
48 silly mapToRegistry data Result {
48 silly mapToRegistry   raw: 'libxmljs',
48 silly mapToRegistry   scope: null,
48 silly mapToRegistry   escapedName: 'libxmljs',
48 silly mapToRegistry   name: 'libxmljs',
48 silly mapToRegistry   rawSpec: '',
48 silly mapToRegistry   spec: 'latest',
48 silly mapToRegistry   type: 'tag' }
49 silly mapToRegistry uri https://registry.npmjs.org/libxmljs
50 verbose addNameTag registry:https://registry.npmjs.org/libxmljs not in flight; fetching
51 verbose get https://registry.npmjs.org/libxmljs not expired, no request
52 silly addNameTag next cb for libxmljs with tag latest
53 silly addNamed libxmljs@0.18.0
54 verbose addNamed "0.18.0" is a plain semver version for libxmljs
55 silly cache afterAdd libxmljs@0.18.0
56 verbose afterAdd C:\Users\Leo\AppData\Roaming\npm-cache\libxmljs\0.18.0\package\package.json not in flight; writing
57 verbose correctMkdir C:\Users\Leo\AppData\Roaming\npm-cache correctMkdir not in flight; initializing
58 verbose afterAdd C:\Users\Leo\AppData\Roaming\npm-cache\libxmljs\0.18.0\package\package.json written
59 silly fetchNamedPackageData bindings
60 silly mapToRegistry name bindings
61 silly mapToRegistry using default registry
62 silly mapToRegistry registry https://registry.npmjs.org/
63 silly mapToRegistry data Result {
63 silly mapToRegistry   raw: 'bindings',
63 silly mapToRegistry   scope: null,
63 silly mapToRegistry   escapedName: 'bindings',
63 silly mapToRegistry   name: 'bindings',
63 silly mapToRegistry   rawSpec: '',
63 silly mapToRegistry   spec: 'latest',
63 silly mapToRegistry   type: 'tag' }
64 silly mapToRegistry uri https://registry.npmjs.org/bindings
65 silly fetchNamedPackageData nan
66 silly mapToRegistry name nan
67 silly mapToRegistry using default registry
68 silly mapToRegistry registry https://registry.npmjs.org/
69 silly mapToRegistry data Result {
69 silly mapToRegistry   raw: 'nan',
69 silly mapToRegistry   scope: null,
69 silly mapToRegistry   escapedName: 'nan',
69 silly mapToRegistry   name: 'nan',
69 silly mapToRegistry   rawSpec: '',
69 silly mapToRegistry   spec: 'latest',
69 silly mapToRegistry   type: 'tag' }
70 silly mapToRegistry uri https://registry.npmjs.org/nan
71 verbose request uri https://registry.npmjs.org/bindings
72 verbose request no auth needed
73 info attempt registry request try #1 at 3:16:32 PM
74 verbose etag "33TX4J3DNTGF7K41ZUV6OA182"
75 http request GET https://registry.npmjs.org/bindings
76 verbose request uri https://registry.npmjs.org/nan
77 verbose request no auth needed
78 info attempt registry request try #1 at 3:16:32 PM
79 verbose etag "EGTR1APXEV7TH8V3QYT0WN357"
80 http request GET https://registry.npmjs.org/nan
81 http 304 https://registry.npmjs.org/bindings
82 verbose headers { date: 'Fri, 05 Aug 2016 09:46:35 GMT',
82 verbose headers   via: '1.1 varnish',
82 verbose headers   'cache-control': 'max-age=300',
82 verbose headers   etag: '"33TX4J3DNTGF7K41ZUV6OA182"',
82 verbose headers   age: '295',
82 verbose headers   connection: 'keep-alive',
82 verbose headers   'x-served-by': 'cache-sin6926-SIN',
82 verbose headers   'x-cache': 'HIT',
82 verbose headers   'x-cache-hits': '8',
82 verbose headers   'x-timer': 'S1470390395.532493,VS0,VE0',
82 verbose headers   vary: 'Accept-Encoding' }
83 silly get cb [ 304,
83 silly get   { date: 'Fri, 05 Aug 2016 09:46:35 GMT',
83 silly get     via: '1.1 varnish',
83 silly get     'cache-control': 'max-age=300',
83 silly get     etag: '"33TX4J3DNTGF7K41ZUV6OA182"',
83 silly get     age: '295',
83 silly get     connection: 'keep-alive',
83 silly get     'x-served-by': 'cache-sin6926-SIN',
83 silly get     'x-cache': 'HIT',
83 silly get     'x-cache-hits': '8',
83 silly get     'x-timer': 'S1470390395.532493,VS0,VE0',
83 silly get     vary: 'Accept-Encoding' } ]
84 verbose etag https://registry.npmjs.org/bindings from cache
85 verbose get saving bindings to C:\Users\Leo\AppData\Roaming\npm-cache\registry.npmjs.org\bindings\.cache.json
86 verbose correctMkdir C:\Users\Leo\AppData\Roaming\npm-cache correctMkdir not in flight; initializing
87 silly resolveWithNewModule bindings@1.2.1 checking installable status
88 silly cache add args [ 'bindings@1.2.1', null ]
89 verbose cache add spec bindings@1.2.1
90 silly cache add parsed spec Result {
90 silly cache add   raw: 'bindings@1.2.1',
90 silly cache add   scope: null,
90 silly cache add   escapedName: 'bindings',
90 silly cache add   name: 'bindings',
90 silly cache add   rawSpec: '1.2.1',
90 silly cache add   spec: '1.2.1',
90 silly cache add   type: 'version' }
91 silly addNamed bindings@1.2.1
92 verbose addNamed "1.2.1" is a plain semver version for bindings
93 silly mapToRegistry name bindings
94 silly mapToRegistry using default registry
95 silly mapToRegistry registry https://registry.npmjs.org/
96 silly mapToRegistry data Result {
96 silly mapToRegistry   raw: 'bindings',
96 silly mapToRegistry   scope: null,
96 silly mapToRegistry   escapedName: 'bindings',
96 silly mapToRegistry   name: 'bindings',
96 silly mapToRegistry   rawSpec: '',
96 silly mapToRegistry   spec: 'latest',
96 silly mapToRegistry   type: 'tag' }
97 silly mapToRegistry uri https://registry.npmjs.org/bindings
98 verbose addNameVersion registry:https://registry.npmjs.org/bindings not in flight; fetching
99 verbose get https://registry.npmjs.org/bindings not expired, no request
100 silly cache afterAdd bindings@1.2.1
101 verbose afterAdd C:\Users\Leo\AppData\Roaming\npm-cache\bindings\1.2.1\package\package.json not in flight; writing
102 verbose correctMkdir C:\Users\Leo\AppData\Roaming\npm-cache correctMkdir not in flight; initializing
103 verbose afterAdd C:\Users\Leo\AppData\Roaming\npm-cache\bindings\1.2.1\package\package.json written
104 http 304 https://registry.npmjs.org/nan
105 verbose headers { date: 'Fri, 05 Aug 2016 09:46:36 GMT',
105 verbose headers   via: '1.1 varnish',
105 verbose headers   'cache-control': 'max-age=300',
105 verbose headers   etag: '"EGTR1APXEV7TH8V3QYT0WN357"',
105 verbose headers   age: '179',
105 verbose headers   connection: 'keep-alive',
105 verbose headers   'x-served-by': 'cache-sin6920-SIN',
105 verbose headers   'x-cache': 'HIT',
105 verbose headers   'x-cache-hits': '15',
105 verbose headers   'x-timer': 'S1470390396.052725,VS0,VE0',
105 verbose headers   vary: 'Accept-Encoding' }
106 silly get cb [ 304,
106 silly get   { date: 'Fri, 05 Aug 2016 09:46:36 GMT',
106 silly get     via: '1.1 varnish',
106 silly get     'cache-control': 'max-age=300',
106 silly get     etag: '"EGTR1APXEV7TH8V3QYT0WN357"',
106 silly get     age: '179',
106 silly get     connection: 'keep-alive',
106 silly get     'x-served-by': 'cache-sin6920-SIN',
106 silly get     'x-cache': 'HIT',
106 silly get     'x-cache-hits': '15',
106 silly get     'x-timer': 'S1470390396.052725,VS0,VE0',
106 silly get     vary: 'Accept-Encoding' } ]
107 verbose etag https://registry.npmjs.org/nan from cache
108 verbose get saving nan to C:\Users\Leo\AppData\Roaming\npm-cache\registry.npmjs.org\nan\.cache.json
109 verbose correctMkdir C:\Users\Leo\AppData\Roaming\npm-cache correctMkdir not in flight; initializing
110 silly resolveWithNewModule nan@2.3.2 checking installable status
111 silly cache add args [ 'nan@2.3.2', null ]
112 verbose cache add spec nan@2.3.2
113 silly cache add parsed spec Result {
113 silly cache add   raw: 'nan@2.3.2',
113 silly cache add   scope: null,
113 silly cache add   escapedName: 'nan',
113 silly cache add   name: 'nan',
113 silly cache add   rawSpec: '2.3.2',
113 silly cache add   spec: '2.3.2',
113 silly cache add   type: 'version' }
114 silly addNamed nan@2.3.2
115 verbose addNamed "2.3.2" is a plain semver version for nan
116 silly mapToRegistry name nan
117 silly mapToRegistry using default registry
118 silly mapToRegistry registry https://registry.npmjs.org/
119 silly mapToRegistry data Result {
119 silly mapToRegistry   raw: 'nan',
119 silly mapToRegistry   scope: null,
119 silly mapToRegistry   escapedName: 'nan',
119 silly mapToRegistry   name: 'nan',
119 silly mapToRegistry   rawSpec: '',
119 silly mapToRegistry   spec: 'latest',
119 silly mapToRegistry   type: 'tag' }
120 silly mapToRegistry uri https://registry.npmjs.org/nan
121 verbose addNameVersion registry:https://registry.npmjs.org/nan not in flight; fetching
122 verbose get https://registry.npmjs.org/nan not expired, no request
123 silly cache afterAdd nan@2.3.2
124 verbose afterAdd C:\Users\Leo\AppData\Roaming\npm-cache\nan\2.3.2\package\package.json not in flight; writing
125 verbose correctMkdir C:\Users\Leo\AppData\Roaming\npm-cache correctMkdir not in flight; initializing
126 verbose afterAdd C:\Users\Leo\AppData\Roaming\npm-cache\nan\2.3.2\package\package.json written
127 silly loadAllDepsIntoIdealTree Finishing
128 silly loadIdealTree Finishing
129 silly currentTree book@1.0.0
129 silly currentTree +-- adler-32@0.4.0
129 silly currentTree +-- balanced-match@0.4.2
129 silly currentTree +-- binary@0.3.0
129 silly currentTree +-- brace-expansion@1.1.6
129 silly currentTree +-- buffers@0.1.1
129 silly currentTree +-- cfb@0.10.3
129 silly currentTree +-- chainsaw@0.1.0
129 silly currentTree +-- codepage@1.3.8
129 silly currentTree +-- colors@0.6.2
129 silly currentTree +-- commander@2.9.0
129 silly currentTree +-- concat-map@0.0.1
129 silly currentTree +-- concat-stream@1.5.1
129 silly currentTree +-- core-util-is@1.0.2
129 silly currentTree +-- crc-32@0.4.1
129 silly currentTree +-- exit-on-epipe@0.0.1
129 silly currentTree +-- frac@0.3.1
129 silly currentTree +-- fs.realpath@1.0.0
129 silly currentTree +-- fstream@0.1.31
129 silly currentTree +-- glob@7.0.5
129 silly currentTree +-- graceful-fs@3.0.8
129 silly currentTree +-- graceful-readlink@1.0.1
129 silly currentTree +-- inflight@1.0.5
129 silly currentTree +-- inherits@2.0.1
129 silly currentTree +-- isarray@1.0.0
129 silly currentTree +-- jszip@2.4.0
129 silly currentTree +-- match-stream@0.0.2
129 silly currentTree | +-- isarray@0.0.1
129 silly currentTree | `-- readable-stream@1.0.34
129 silly currentTree +-- minimatch@3.0.2
129 silly currentTree +-- minimist@0.0.8
129 silly currentTree +-- mkdirp@0.5.1
129 silly currentTree +-- node-promise@0.5.12
129 silly currentTree +-- once@1.3.3
129 silly currentTree +-- over@0.0.5
129 silly currentTree +-- pako@0.2.9
129 silly currentTree +-- path-is-absolute@1.0.0
129 silly currentTree +-- process-nextick-args@1.0.7
129 silly currentTree +-- pullstream@0.4.1
129 silly currentTree | +-- isarray@0.0.1
129 silly currentTree | `-- readable-stream@1.0.34
129 silly currentTree +-- readable-stream@2.0.6
129 silly currentTree +-- rimraf@2.5.4
129 silly currentTree +-- setimmediate@1.0.4
129 silly currentTree +-- slice-stream@1.0.0
129 silly currentTree | +-- isarray@0.0.1
129 silly currentTree | `-- readable-stream@1.0.34
129 silly currentTree +-- ssf@0.8.2
129 silly currentTree +-- string_decoder@0.10.31
129 silly currentTree +-- traverse@0.3.9
129 silly currentTree +-- typedarray@0.0.6
129 silly currentTree +-- underscore@1.8.3
129 silly currentTree +-- unzip2@0.2.5
129 silly currentTree | +-- isarray@0.0.1
129 silly currentTree | `-- readable-stream@1.0.34
129 silly currentTree +-- util-deprecate@1.0.2
129 silly currentTree +-- voc@0.5.0
129 silly currentTree +-- wrappy@1.0.2
129 silly currentTree `-- xlsx@0.8.0
130 silly idealTree book@1.0.0
130 silly idealTree +-- adler-32@0.4.0
130 silly idealTree +-- balanced-match@0.4.2
130 silly idealTree +-- binary@0.3.0
130 silly idealTree +-- bindings@1.2.1
130 silly idealTree +-- brace-expansion@1.1.6
130 silly idealTree +-- buffers@0.1.1
130 silly idealTree +-- cfb@0.10.3
130 silly idealTree +-- chainsaw@0.1.0
130 silly idealTree +-- codepage@1.3.8
130 silly idealTree +-- colors@0.6.2
130 silly idealTree +-- commander@2.9.0
130 silly idealTree +-- concat-map@0.0.1
130 silly idealTree +-- concat-stream@1.5.1
130 silly idealTree +-- core-util-is@1.0.2
130 silly idealTree +-- crc-32@0.4.1
130 silly idealTree +-- exit-on-epipe@0.0.1
130 silly idealTree +-- frac@0.3.1
130 silly idealTree +-- fs.realpath@1.0.0
130 silly idealTree +-- fstream@0.1.31
130 silly idealTree +-- glob@7.0.5
130 silly idealTree +-- graceful-fs@3.0.8
130 silly idealTree +-- graceful-readlink@1.0.1
130 silly idealTree +-- inflight@1.0.5
130 silly idealTree +-- inherits@2.0.1
130 silly idealTree +-- isarray@1.0.0
130 silly idealTree +-- jszip@2.4.0
130 silly idealTree +-- libxmljs@0.18.0
130 silly idealTree +-- match-stream@0.0.2
130 silly idealTree | +-- isarray@0.0.1
130 silly idealTree | `-- readable-stream@1.0.34
130 silly idealTree +-- minimatch@3.0.2
130 silly idealTree +-- minimist@0.0.8
130 silly idealTree +-- mkdirp@0.5.1
130 silly idealTree +-- nan@2.3.2
130 silly idealTree +-- node-promise@0.5.12
130 silly idealTree +-- once@1.3.3
130 silly idealTree +-- over@0.0.5
130 silly idealTree +-- pako@0.2.9
130 silly idealTree +-- path-is-absolute@1.0.0
130 silly idealTree +-- process-nextick-args@1.0.7
130 silly idealTree +-- pullstream@0.4.1
130 silly idealTree | +-- isarray@0.0.1
130 silly idealTree | `-- readable-stream@1.0.34
130 silly idealTree +-- readable-stream@2.0.6
130 silly idealTree +-- rimraf@2.5.4
130 silly idealTree +-- setimmediate@1.0.4
130 silly idealTree +-- slice-stream@1.0.0
130 silly idealTree | +-- isarray@0.0.1
130 silly idealTree | `-- readable-stream@1.0.34
130 silly idealTree +-- ssf@0.8.2
130 silly idealTree +-- string_decoder@0.10.31
130 silly idealTree +-- traverse@0.3.9
130 silly idealTree +-- typedarray@0.0.6
130 silly idealTree +-- underscore@1.8.3
130 silly idealTree +-- unzip2@0.2.5
130 silly idealTree | +-- isarray@0.0.1
130 silly idealTree | `-- readable-stream@1.0.34
130 silly idealTree +-- util-deprecate@1.0.2
130 silly idealTree +-- voc@0.5.0
130 silly idealTree +-- wrappy@1.0.2
130 silly idealTree `-- xlsx@0.8.0
131 silly generateActionsToTake Starting
132 silly install generateActionsToTake
133 silly generateActionsToTake Finishing
134 silly diffTrees action count 3
135 silly diffTrees add bindings@1.2.1
136 silly diffTrees add nan@2.3.2
137 silly diffTrees add libxmljs@0.18.0
138 silly decomposeActions action count 24
139 silly decomposeActions fetch bindings@1.2.1
140 silly decomposeActions extract bindings@1.2.1
141 silly decomposeActions test bindings@1.2.1
142 silly decomposeActions preinstall bindings@1.2.1
143 silly decomposeActions build bindings@1.2.1
144 silly decomposeActions install bindings@1.2.1
145 silly decomposeActions postinstall bindings@1.2.1
146 silly decomposeActions finalize bindings@1.2.1
147 silly decomposeActions fetch nan@2.3.2
148 silly decomposeActions extract nan@2.3.2
149 silly decomposeActions test nan@2.3.2
150 silly decomposeActions preinstall nan@2.3.2
151 silly decomposeActions build nan@2.3.2
152 silly decomposeActions install nan@2.3.2
153 silly decomposeActions postinstall nan@2.3.2
154 silly decomposeActions finalize nan@2.3.2
155 silly decomposeActions fetch libxmljs@0.18.0
156 silly decomposeActions extract libxmljs@0.18.0
157 silly decomposeActions test libxmljs@0.18.0
158 silly decomposeActions preinstall libxmljs@0.18.0
159 silly decomposeActions build libxmljs@0.18.0
160 silly decomposeActions install libxmljs@0.18.0
161 silly decomposeActions postinstall libxmljs@0.18.0
162 silly decomposeActions finalize libxmljs@0.18.0
163 silly executeActions Starting
164 silly install executeActions
165 silly doSerial global-install 0
166 silly doParallel fetch 3
167 verbose correctMkdir C:\Users\Leo\AppData\Roaming\npm-cache\_locks correctMkdir not in flight; initializing
168 verbose lock using C:\Users\Leo\AppData\Roaming\npm-cache\_locks\staging-096cbd171b747525.lock for F:\book\node_modules\.staging
169 silly doParallel extract 3
170 silly extract bindings@1.2.1
171 silly extract nan@2.3.2
172 silly extract libxmljs@0.18.0
173 verbose unbuild node_modules\.staging\nan-5a4c28ed
174 verbose unbuild node_modules\.staging\bindings-4f0acd72
175 verbose unbuild node_modules\.staging\libxmljs-f1103659
176 silly gentlyRm F:\book\node_modules\.staging\nan-5a4c28ed is being purged from base F:\book
177 verbose gentlyRm don't care about contents; nuking F:\book\node_modules\.staging\nan-5a4c28ed
178 silly gentlyRm F:\book\node_modules\.staging\bindings-4f0acd72 is being purged from base F:\book
179 verbose gentlyRm don't care about contents; nuking F:\book\node_modules\.staging\bindings-4f0acd72
180 verbose tar unpack C:\Users\Leo\AppData\Roaming\npm-cache\nan\2.3.2\package.tgz
181 verbose tar unpacking to F:\book\node_modules\.staging\nan-5a4c28ed
182 silly gentlyRm F:\book\node_modules\.staging\nan-5a4c28ed is being purged
183 verbose gentlyRm don't care about contents; nuking F:\book\node_modules\.staging\nan-5a4c28ed
184 verbose tar unpack C:\Users\Leo\AppData\Roaming\npm-cache\bindings\1.2.1\package.tgz
185 verbose tar unpacking to F:\book\node_modules\.staging\bindings-4f0acd72
186 silly gentlyRm F:\book\node_modules\.staging\bindings-4f0acd72 is being purged
187 verbose gentlyRm don't care about contents; nuking F:\book\node_modules\.staging\bindings-4f0acd72
188 silly gentlyRm F:\book\node_modules\.staging\libxmljs-f1103659 is being purged from base F:\book
189 verbose gentlyRm don't care about contents; nuking F:\book\node_modules\.staging\libxmljs-f1103659
190 silly gunzTarPerm modes [ '777', '666' ]
191 silly gunzTarPerm modes [ '777', '666' ]
192 verbose tar unpack C:\Users\Leo\AppData\Roaming\npm-cache\libxmljs\0.18.0\package.tgz
193 verbose tar unpacking to F:\book\node_modules\.staging\libxmljs-f1103659
194 silly gentlyRm F:\book\node_modules\.staging\libxmljs-f1103659 is being purged
195 verbose gentlyRm don't care about contents; nuking F:\book\node_modules\.staging\libxmljs-f1103659
196 silly gunzTarPerm modes [ '777', '666' ]
197 silly gunzTarPerm extractEntry package.json
198 silly gunzTarPerm modified mode [ 'package.json', 420, 438 ]
199 silly gunzTarPerm extractEntry package.json
200 silly gunzTarPerm modified mode [ 'package.json', 436, 438 ]
201 silly gunzTarPerm extractEntry package.json
202 silly gunzTarPerm modified mode [ 'package.json', 420, 438 ]
203 silly gunzTarPerm extractEntry README.md
204 silly gunzTarPerm modified mode [ 'README.md', 420, 438 ]
205 silly gunzTarPerm extractEntry bindings.js
206 silly gunzTarPerm modified mode [ 'bindings.js', 420, 438 ]
207 silly gunzTarPerm extractEntry README.md
208 silly gunzTarPerm modified mode [ 'README.md', 436, 438 ]
209 silly gunzTarPerm extractEntry include_dirs.js
210 silly gunzTarPerm modified mode [ 'include_dirs.js', 436, 438 ]
211 silly gunzTarPerm extractEntry .npmignore
212 silly gunzTarPerm modified mode [ '.npmignore', 420, 438 ]
213 silly gunzTarPerm extractEntry README.md
214 silly gunzTarPerm modified mode [ 'README.md', 420, 438 ]
215 silly gunzTarPerm extractEntry nan_converters.h
216 silly gunzTarPerm modified mode [ 'nan_converters.h', 436, 438 ]
217 silly gunzTarPerm extractEntry LICENSE.md
218 silly gunzTarPerm modified mode [ 'LICENSE.md', 436, 438 ]
219 silly gunzTarPerm extractEntry doc/node_misc.md
220 silly gunzTarPerm modified mode [ 'doc/node_misc.md', 436, 438 ]
221 silly gunzTarPerm extractEntry LICENSE
222 silly gunzTarPerm modified mode [ 'LICENSE', 420, 438 ]
223 silly gunzTarPerm extractEntry index.js
224 silly gunzTarPerm modified mode [ 'index.js', 420, 438 ]
225 silly gunzTarPerm extractEntry doc/asyncworker.md
226 silly gunzTarPerm modified mode [ 'doc/asyncworker.md', 436, 438 ]
227 silly gunzTarPerm extractEntry examples/cdata.js
228 silly gunzTarPerm modified mode [ 'examples/cdata.js', 420, 438 ]
229 silly gunzTarPerm extractEntry binding.gyp
230 silly gunzTarPerm modified mode [ 'binding.gyp', 420, 438 ]
231 silly gunzTarPerm extractEntry Makefile
232 silly gunzTarPerm modified mode [ 'Makefile', 420, 438 ]
233 silly gunzTarPerm extractEntry lib/bindings.js
234 silly gunzTarPerm modified mode [ 'lib/bindings.js', 420, 438 ]
235 silly gunzTarPerm extractEntry doc/callback.md
236 silly gunzTarPerm modified mode [ 'doc/callback.md', 436, 438 ]
237 silly gunzTarPerm extractEntry doc/converters.md
238 silly gunzTarPerm modified mode [ 'doc/converters.md', 436, 438 ]
239 silly gunzTarPerm extractEntry lib/comment.js
240 silly gunzTarPerm modified mode [ 'lib/comment.js', 420, 438 ]
241 silly gunzTarPerm extractEntry lib/document.js
242 silly gunzTarPerm modified mode [ 'lib/document.js', 420, 438 ]
243 silly gunzTarPerm extractEntry doc/errors.md
244 silly gunzTarPerm modified mode [ 'doc/errors.md', 436, 438 ]
245 silly gunzTarPerm extractEntry doc/maybe_types.md
246 silly gunzTarPerm modified mode [ 'doc/maybe_types.md', 436, 438 ]
247 silly gunzTarPerm extractEntry lib/element.js
248 silly gunzTarPerm modified mode [ 'lib/element.js', 420, 438 ]
249 silly gentlyRm F:\book\node_modules\.staging\bindings-4f0acd72\node_modules is being purged
250 verbose gentlyRm don't care about contents; nuking F:\book\node_modules\.staging\bindings-4f0acd72\node_modules
251 silly gunzTarPerm extractEntry doc/methods.md
252 silly gunzTarPerm modified mode [ 'doc/methods.md', 436, 438 ]
253 silly gunzTarPerm extractEntry doc/new.md
254 silly gunzTarPerm modified mode [ 'doc/new.md', 436, 438 ]
255 silly gunzTarPerm extractEntry lib/sax_parser.js
256 silly gunzTarPerm modified mode [ 'lib/sax_parser.js', 420, 438 ]
257 silly gunzTarPerm extractEntry lib/text.js
258 silly gunzTarPerm modified mode [ 'lib/text.js', 420, 438 ]
259 silly gunzTarPerm extractEntry test/attribute.js
260 silly gunzTarPerm modified mode [ 'test/attribute.js', 420, 438 ]
261 silly gunzTarPerm extractEntry test/html_parser.js
262 silly gunzTarPerm modified mode [ 'test/html_parser.js', 420, 438 ]
263 silly gunzTarPerm extractEntry doc/buffers.md
264 silly gunzTarPerm modified mode [ 'doc/buffers.md', 436, 438 ]
265 silly gunzTarPerm extractEntry doc/object_wrappers.md
266 silly gunzTarPerm modified mode [ 'doc/object_wrappers.md', 436, 438 ]
267 silly gunzTarPerm extractEntry test/main.js
268 silly gunzTarPerm modified mode [ 'test/main.js', 420, 438 ]
269 silly gunzTarPerm extractEntry test/memory_management.js
270 silly gunzTarPerm modified mode [ 'test/memory_management.js', 420, 438 ]
271 silly gunzTarPerm extractEntry test/xml_sax_parser.js
272 silly gunzTarPerm modified mode [ 'test/xml_sax_parser.js', 420, 438 ]
273 silly gunzTarPerm extractEntry test/comment.js
274 silly gunzTarPerm modified mode [ 'test/comment.js', 420, 438 ]
275 silly gunzTarPerm extractEntry test/ref_integrity.js
276 silly gunzTarPerm modified mode [ 'test/ref_integrity.js', 420, 438 ]
277 silly gunzTarPerm extractEntry test/searching.js
278 silly gunzTarPerm modified mode [ 'test/searching.js', 420, 438 ]
279 silly gunzTarPerm extractEntry doc/persistent.md
280 silly gunzTarPerm modified mode [ 'doc/persistent.md', 436, 438 ]
281 silly gunzTarPerm extractEntry doc/scopes.md
282 silly gunzTarPerm modified mode [ 'doc/scopes.md', 436, 438 ]
283 silly gunzTarPerm extractEntry test/text.js
284 silly gunzTarPerm modified mode [ 'test/text.js', 420, 438 ]
285 silly gunzTarPerm extractEntry test/text_node.js
286 silly gunzTarPerm modified mode [ 'test/text_node.js', 420, 438 ]
287 silly gunzTarPerm extractEntry doc/script.md
288 silly gunzTarPerm modified mode [ 'doc/script.md', 436, 438 ]
289 silly gunzTarPerm extractEntry doc/string_bytes.md
290 silly gunzTarPerm modified mode [ 'doc/string_bytes.md', 436, 438 ]
291 silly gunzTarPerm extractEntry doc/v8_internals.md
292 silly gunzTarPerm modified mode [ 'doc/v8_internals.md', 436, 438 ]
293 silly gunzTarPerm extractEntry doc/v8_misc.md
294 silly gunzTarPerm modified mode [ 'doc/v8_misc.md', 436, 438 ]
295 silly gunzTarPerm extractEntry test/element.js
296 silly gunzTarPerm modified mode [ 'test/element.js', 420, 438 ]
297 silly gunzTarPerm extractEntry test/traversal.js
298 silly gunzTarPerm modified mode [ 'test/traversal.js', 420, 438 ]
299 silly gunzTarPerm extractEntry test/document.js
300 silly gunzTarPerm modified mode [ 'test/document.js', 420, 438 ]
301 silly gunzTarPerm extractEntry test/xml_parser.js
302 silly gunzTarPerm modified mode [ 'test/xml_parser.js', 420, 438 ]
303 silly gunzTarPerm extractEntry test/namespace.js
304 silly gunzTarPerm modified mode [ 'test/namespace.js', 420, 438 ]
305 silly gunzTarPerm extractEntry test/z_memory_leak.js
306 silly gunzTarPerm modified mode [ 'test/z_memory_leak.js', 420, 438 ]
307 silly gunzTarPerm extractEntry nan.h
308 silly gunzTarPerm modified mode [ 'nan.h', 436, 438 ]
309 silly gunzTarPerm extractEntry nan_callbacks.h
310 silly gunzTarPerm modified mode [ 'nan_callbacks.h', 436, 438 ]
311 silly gunzTarPerm extractEntry nan_callbacks_12_inl.h
312 silly gunzTarPerm modified mode [ 'nan_callbacks_12_inl.h', 436, 438 ]
313 silly gunzTarPerm extractEntry nan_callbacks_pre_12_inl.h
314 silly gunzTarPerm modified mode [ 'nan_callbacks_pre_12_inl.h', 436, 438 ]
315 silly gunzTarPerm extractEntry nan_converters_43_inl.h
316 silly gunzTarPerm modified mode [ 'nan_converters_43_inl.h', 436, 438 ]
317 silly gunzTarPerm extractEntry nan_converters_pre_43_inl.h
318 silly gunzTarPerm modified mode [ 'nan_converters_pre_43_inl.h', 436, 438 ]
319 silly gunzTarPerm extractEntry nan_implementation_12_inl.h
320 silly gunzTarPerm modified mode [ 'nan_implementation_12_inl.h', 436, 438 ]
321 silly gunzTarPerm extractEntry nan_implementation_pre_12_inl.h
322 silly gunzTarPerm modified mode [ 'nan_implementation_pre_12_inl.h', 436, 438 ]
323 silly gunzTarPerm extractEntry nan_maybe_43_inl.h
324 silly gunzTarPerm modified mode [ 'nan_maybe_43_inl.h', 436, 438 ]
325 silly gunzTarPerm extractEntry nan_maybe_pre_43_inl.h
326 silly gunzTarPerm modified mode [ 'nan_maybe_pre_43_inl.h', 436, 438 ]
327 silly gunzTarPerm extractEntry nan_new.h
328 silly gunzTarPerm modified mode [ 'nan_new.h', 436, 438 ]
329 silly gunzTarPerm extractEntry nan_object_wrap.h
330 silly gunzTarPerm modified mode [ 'nan_object_wrap.h', 436, 438 ]
331 silly gunzTarPerm extractEntry nan_persistent_12_inl.h
332 silly gunzTarPerm modified mode [ 'nan_persistent_12_inl.h', 436, 438 ]
333 silly gunzTarPerm extractEntry nan_persistent_pre_12_inl.h
334 silly gunzTarPerm modified mode [ 'nan_persistent_pre_12_inl.h', 436, 438 ]
335 silly gunzTarPerm extractEntry nan_string_bytes.h
336 silly gunzTarPerm modified mode [ 'nan_string_bytes.h', 436, 438 ]
337 silly gunzTarPerm extractEntry nan_typedarray_contents.h
338 silly gunzTarPerm modified mode [ 'nan_typedarray_contents.h', 436, 438 ]
339 silly gunzTarPerm extractEntry nan_weak.h
340 silly gunzTarPerm modified mode [ 'nan_weak.h', 436, 438 ]
341 silly gunzTarPerm extractEntry CHANGELOG.md
342 silly gunzTarPerm modified mode [ 'CHANGELOG.md', 436, 438 ]
343 silly gunzTarPerm extractEntry tools/package.json
344 silly gunzTarPerm modified mode [ 'tools/package.json', 436, 438 ]
345 silly gunzTarPerm extractEntry tools/README.md
346 silly gunzTarPerm modified mode [ 'tools/README.md', 436, 438 ]
347 silly gunzTarPerm extractEntry tools/1to2.js
348 silly gunzTarPerm modified mode [ 'tools/1to2.js', 509, 511 ]
349 silly gunzTarPerm extractEntry test/node_attributes.js
350 silly gunzTarPerm modified mode [ 'test/node_attributes.js', 420, 438 ]
351 silly gunzTarPerm extractEntry test/fixtures/baseurl.dtd
352 silly gunzTarPerm modified mode [ 'test/fixtures/baseurl.dtd', 493, 511 ]
353 silly gunzTarPerm extractEntry test/fixtures/errors/comment.xml
354 silly gunzTarPerm modified mode [ 'test/fixtures/errors/comment.xml', 420, 438 ]
355 silly gunzTarPerm extractEntry test/fixtures/parser-utf16.xml
356 silly gunzTarPerm modified mode [ 'test/fixtures/parser-utf16.xml', 420, 438 ]
357 silly gunzTarPerm extractEntry test/fixtures/parser.euc_jp.html
358 silly gunzTarPerm modified mode [ 'test/fixtures/parser.euc_jp.html', 420, 438 ]
359 silly gunzTarPerm extractEntry test/fixtures/parser.html
360 silly gunzTarPerm modified mode [ 'test/fixtures/parser.html', 420, 438 ]
361 silly gunzTarPerm extractEntry test/fixtures/parser.xml
362 silly gunzTarPerm modified mode [ 'test/fixtures/parser.xml', 420, 438 ]
363 silly gunzTarPerm extractEntry test/fixtures/sax_parser.xml
364 silly gunzTarPerm modified mode [ 'test/fixtures/sax_parser.xml', 420, 438 ]
365 silly gunzTarPerm extractEntry test/fixtures/warnings/amp.html
366 silly gunzTarPerm modified mode [ 'test/fixtures/warnings/amp.html', 420, 438 ]
367 silly gunzTarPerm extractEntry test/fixtures/warnings/ent9.xml
368 silly gunzTarPerm modified mode [ 'test/fixtures/warnings/ent9.xml', 420, 438 ]
369 silly gunzTarPerm extractEntry .travis.yml
370 silly gunzTarPerm modified mode [ '.travis.yml', 420, 438 ]
371 silly gunzTarPerm extractEntry src/xml_namespace.cc
372 silly gunzTarPerm modified mode [ 'src/xml_namespace.cc', 420, 438 ]
373 silly gunzTarPerm extractEntry src/html_document.cc
374 silly gunzTarPerm modified mode [ 'src/html_document.cc', 420, 438 ]
375 silly gunzTarPerm extractEntry src/libxmljs.cc
376 silly gunzTarPerm modified mode [ 'src/libxmljs.cc', 420, 438 ]
377 silly gunzTarPerm extractEntry src/libxmljs.h
378 silly gunzTarPerm modified mode [ 'src/libxmljs.h', 420, 438 ]
379 silly gunzTarPerm extractEntry src/xml_attribute.cc
380 silly gunzTarPerm modified mode [ 'src/xml_attribute.cc', 420, 438 ]
381 silly gunzTarPerm extractEntry src/xml_attribute.h
382 silly gunzTarPerm modified mode [ 'src/xml_attribute.h', 420, 438 ]
383 silly gunzTarPerm extractEntry src/xml_comment.cc
384 silly gunzTarPerm modified mode [ 'src/xml_comment.cc', 420, 438 ]
385 silly gunzTarPerm extractEntry src/xml_comment.h
386 silly gunzTarPerm modified mode [ 'src/xml_comment.h', 420, 438 ]
387 silly gunzTarPerm extractEntry src/xml_document.cc
388 silly gunzTarPerm modified mode [ 'src/xml_document.cc', 420, 438 ]
389 silly gunzTarPerm extractEntry src/xml_document.h
390 silly gunzTarPerm modified mode [ 'src/xml_document.h', 420, 438 ]
391 silly gunzTarPerm extractEntry src/xml_element.cc
392 silly gunzTarPerm modified mode [ 'src/xml_element.cc', 420, 438 ]
393 silly gunzTarPerm extractEntry src/xml_element.h
394 silly gunzTarPerm modified mode [ 'src/xml_element.h', 420, 438 ]
395 silly gunzTarPerm extractEntry src/html_document.h
396 silly gunzTarPerm modified mode [ 'src/html_document.h', 420, 438 ]
397 silly gunzTarPerm extractEntry src/xml_namespace.h
398 silly gunzTarPerm modified mode [ 'src/xml_namespace.h', 420, 438 ]
399 silly gunzTarPerm extractEntry src/xml_node.cc
400 silly gunzTarPerm modified mode [ 'src/xml_node.cc', 420, 438 ]
401 silly gunzTarPerm extractEntry src/xml_node.h
402 silly gunzTarPerm modified mode [ 'src/xml_node.h', 420, 438 ]
403 silly gunzTarPerm extractEntry src/xml_sax_parser.cc
404 silly gunzTarPerm modified mode [ 'src/xml_sax_parser.cc', 420, 438 ]
405 silly gunzTarPerm extractEntry src/xml_sax_parser.h
406 silly gunzTarPerm modified mode [ 'src/xml_sax_parser.h', 420, 438 ]
407 silly gunzTarPerm extractEntry src/xml_syntax_error.cc
408 silly gunzTarPerm modified mode [ 'src/xml_syntax_error.cc', 420, 438 ]
409 silly gunzTarPerm extractEntry src/xml_syntax_error.h
410 silly gunzTarPerm modified mode [ 'src/xml_syntax_error.h', 420, 438 ]
411 silly gunzTarPerm extractEntry src/xml_text.cc
412 silly gunzTarPerm modified mode [ 'src/xml_text.cc', 420, 438 ]
413 silly gunzTarPerm extractEntry src/xml_text.h
414 silly gunzTarPerm modified mode [ 'src/xml_text.h', 420, 438 ]
415 silly gunzTarPerm extractEntry src/xml_xpath_context.cc
416 silly gunzTarPerm modified mode [ 'src/xml_xpath_context.cc', 420, 438 ]
417 silly gunzTarPerm extractEntry src/xml_xpath_context.h
418 silly gunzTarPerm modified mode [ 'src/xml_xpath_context.h', 420, 438 ]
419 silly gunzTarPerm extractEntry vendor/libxml/schematron.c
420 silly gunzTarPerm modified mode [ 'vendor/libxml/schematron.c', 420, 438 ]
421 silly gunzTarPerm extractEntry vendor/libxml/DOCBparser.c
422 silly gunzTarPerm modified mode [ 'vendor/libxml/DOCBparser.c', 420, 438 ]
423 silly gunzTarPerm extractEntry vendor/libxml/HTMLtree.c
424 silly gunzTarPerm modified mode [ 'vendor/libxml/HTMLtree.c', 420, 438 ]
425 silly gunzTarPerm extractEntry vendor/libxml/SAX.c
426 silly gunzTarPerm modified mode [ 'vendor/libxml/SAX.c', 420, 438 ]
427 silly gunzTarPerm extractEntry vendor/libxml/SAX2.c
428 silly gunzTarPerm modified mode [ 'vendor/libxml/SAX2.c', 420, 438 ]
429 silly gunzTarPerm extractEntry vendor/libxml/buf.c
430 silly gunzTarPerm modified mode [ 'vendor/libxml/buf.c', 420, 438 ]
431 silly gunzTarPerm extractEntry vendor/libxml/buf.h
432 silly gunzTarPerm modified mode [ 'vendor/libxml/buf.h', 420, 438 ]
433 silly gunzTarPerm extractEntry vendor/libxml/c14n.c
434 silly gunzTarPerm modified mode [ 'vendor/libxml/c14n.c', 420, 438 ]
435 silly gunzTarPerm extractEntry vendor/libxml/catalog.c
436 silly gunzTarPerm modified mode [ 'vendor/libxml/catalog.c', 420, 438 ]
437 silly gunzTarPerm extractEntry vendor/libxml/chvalid.c
438 silly gunzTarPerm modified mode [ 'vendor/libxml/chvalid.c', 420, 438 ]
439 silly gunzTarPerm extractEntry vendor/libxml/config.h
440 silly gunzTarPerm modified mode [ 'vendor/libxml/config.h', 420, 438 ]
441 silly gunzTarPerm extractEntry vendor/libxml/debugXML.c
442 silly gunzTarPerm modified mode [ 'vendor/libxml/debugXML.c', 420, 438 ]
443 silly gunzTarPerm extractEntry vendor/libxml/dict.c
444 silly gunzTarPerm modified mode [ 'vendor/libxml/dict.c', 420, 438 ]
445 silly gunzTarPerm extractEntry vendor/libxml/elfgcchack.h
446 silly gunzTarPerm modified mode [ 'vendor/libxml/elfgcchack.h', 420, 438 ]
447 silly gunzTarPerm extractEntry vendor/libxml/enc.h
448 silly gunzTarPerm modified mode [ 'vendor/libxml/enc.h', 420, 438 ]
449 silly gunzTarPerm extractEntry vendor/libxml/encoding.c
450 silly gunzTarPerm modified mode [ 'vendor/libxml/encoding.c', 420, 438 ]
451 silly gunzTarPerm extractEntry vendor/libxml/entities.c
452 silly gunzTarPerm modified mode [ 'vendor/libxml/entities.c', 420, 438 ]
453 silly gunzTarPerm extractEntry vendor/libxml/error.c
454 silly gunzTarPerm modified mode [ 'vendor/libxml/error.c', 420, 438 ]
455 silly gunzTarPerm extractEntry vendor/libxml/globals.c
456 silly gunzTarPerm modified mode [ 'vendor/libxml/globals.c', 420, 438 ]
457 silly gunzTarPerm extractEntry vendor/libxml/hash.c
458 silly gunzTarPerm modified mode [ 'vendor/libxml/hash.c', 420, 438 ]
459 silly gunzTarPerm extractEntry vendor/libxml/include/libxml/schematron.h
460 silly gunzTarPerm modified mode [ 'vendor/libxml/include/libxml/schematron.h', 420, 438 ]
461 silly gunzTarPerm extractEntry vendor/libxml/include/libxml/DOCBparser.h
462 silly gunzTarPerm modified mode [ 'vendor/libxml/include/libxml/DOCBparser.h', 420, 438 ]
463 silly gunzTarPerm extractEntry vendor/libxml/include/libxml/HTMLtree.h
464 silly gunzTarPerm modified mode [ 'vendor/libxml/include/libxml/HTMLtree.h', 420, 438 ]
465 silly gunzTarPerm extractEntry vendor/libxml/include/libxml/Makefile
466 silly gunzTarPerm modified mode [ 'vendor/libxml/include/libxml/Makefile', 420, 438 ]
467 silly gunzTarPerm extractEntry vendor/libxml/include/libxml/Makefile.am
468 silly gunzTarPerm modified mode [ 'vendor/libxml/include/libxml/Makefile.am', 420, 438 ]
469 silly gunzTarPerm extractEntry vendor/libxml/include/libxml/Makefile.in
470 silly gunzTarPerm modified mode [ 'vendor/libxml/include/libxml/Makefile.in', 420, 438 ]
471 silly gunzTarPerm extractEntry vendor/libxml/include/libxml/SAX.h
472 silly gunzTarPerm modified mode [ 'vendor/libxml/include/libxml/SAX.h', 420, 438 ]
473 silly gentlyRm F:\book\node_modules\.staging\nan-5a4c28ed\node_modules is being purged
474 verbose gentlyRm don't care about contents; nuking F:\book\node_modules\.staging\nan-5a4c28ed\node_modules
475 silly gunzTarPerm extractEntry vendor/libxml/include/libxml/SAX2.h
476 silly gunzTarPerm modified mode [ 'vendor/libxml/include/libxml/SAX2.h', 420, 438 ]
477 silly gunzTarPerm extractEntry vendor/libxml/include/libxml/c14n.h
478 silly gunzTarPerm modified mode [ 'vendor/libxml/include/libxml/c14n.h', 420, 438 ]
479 silly gunzTarPerm extractEntry vendor/libxml/include/libxml/catalog.h
480 silly gunzTarPerm modified mode [ 'vendor/libxml/include/libxml/catalog.h', 420, 438 ]
481 silly gunzTarPerm extractEntry vendor/libxml/include/libxml/chvalid.h
482 silly gunzTarPerm modified mode [ 'vendor/libxml/include/libxml/chvalid.h', 420, 438 ]
483 silly gunzTarPerm extractEntry vendor/libxml/include/libxml/debugXML.h
484 silly gunzTarPerm modified mode [ 'vendor/libxml/include/libxml/debugXML.h', 420, 438 ]
485 silly gunzTarPerm extractEntry vendor/libxml/include/libxml/dict.h
486 silly gunzTarPerm modified mode [ 'vendor/libxml/include/libxml/dict.h', 420, 438 ]
487 silly gunzTarPerm extractEntry vendor/libxml/include/libxml/encoding.h
488 silly gunzTarPerm modified mode [ 'vendor/libxml/include/libxml/encoding.h', 420, 438 ]
489 silly gunzTarPerm extractEntry vendor/libxml/include/libxml/entities.h
490 silly gunzTarPerm modified mode [ 'vendor/libxml/include/libxml/entities.h', 420, 438 ]
491 silly gunzTarPerm extractEntry vendor/libxml/include/libxml/globals.h
492 silly gunzTarPerm modified mode [ 'vendor/libxml/include/libxml/globals.h', 420, 438 ]
493 silly gunzTarPerm extractEntry vendor/libxml/include/libxml/hash.h
494 silly gunzTarPerm modified mode [ 'vendor/libxml/include/libxml/hash.h', 420, 438 ]
495 silly gunzTarPerm extractEntry vendor/libxml/include/libxml/list.h
496 silly gunzTarPerm modified mode [ 'vendor/libxml/include/libxml/list.h', 420, 438 ]
497 silly gunzTarPerm extractEntry vendor/libxml/include/libxml/nanoftp.h
498 silly gunzTarPerm modified mode [ 'vendor/libxml/include/libxml/nanoftp.h', 420, 438 ]
499 silly gunzTarPerm extractEntry vendor/libxml/include/libxml/nanohttp.h
500 silly gunzTarPerm modified mode [ 'vendor/libxml/include/libxml/nanohttp.h', 420, 438 ]
501 silly gunzTarPerm extractEntry vendor/libxml/include/libxml/parser.h
502 silly gunzTarPerm modified mode [ 'vendor/libxml/include/libxml/parser.h', 420, 438 ]
503 silly gunzTarPerm extractEntry vendor/libxml/include/libxml/parserInternals.h
504 silly gunzTarPerm modified mode [ 'vendor/libxml/include/libxml/parserInternals.h', 420, 438 ]
505 silly gunzTarPerm extractEntry vendor/libxml/include/libxml/pattern.h
506 silly gunzTarPerm modified mode [ 'vendor/libxml/include/libxml/pattern.h', 420, 438 ]
507 silly gunzTarPerm extractEntry vendor/libxml/include/libxml/relaxng.h
508 silly gunzTarPerm modified mode [ 'vendor/libxml/include/libxml/relaxng.h', 420, 438 ]
509 silly gunzTarPerm extractEntry vendor/libxml/include/libxml/schemasInternals.h
510 silly gunzTarPerm modified mode [ 'vendor/libxml/include/libxml/schemasInternals.h', 420, 438 ]
511 silly gunzTarPerm extractEntry vendor/libxml/include/libxml/HTMLparser.h
512 silly gunzTarPerm modified mode [ 'vendor/libxml/include/libxml/HTMLparser.h', 420, 438 ]
513 silly gunzTarPerm extractEntry vendor/libxml/include/libxml/threads.h
514 silly gunzTarPerm modified mode [ 'vendor/libxml/include/libxml/threads.h', 420, 438 ]
515 silly gunzTarPerm extractEntry vendor/libxml/include/libxml/tree.h
516 silly gunzTarPerm modified mode [ 'vendor/libxml/include/libxml/tree.h', 420, 438 ]
517 silly gunzTarPerm extractEntry vendor/libxml/include/libxml/uri.h
518 silly gunzTarPerm modified mode [ 'vendor/libxml/include/libxml/uri.h', 420, 438 ]
519 silly gunzTarPerm extractEntry vendor/libxml/include/libxml/valid.h
520 silly gunzTarPerm modified mode [ 'vendor/libxml/include/libxml/valid.h', 420, 438 ]
521 silly gunzTarPerm extractEntry vendor/libxml/include/libxml/xinclude.h
522 silly gunzTarPerm modified mode [ 'vendor/libxml/include/libxml/xinclude.h', 420, 438 ]
523 silly gunzTarPerm extractEntry vendor/libxml/include/libxml/xlink.h
524 silly gunzTarPerm modified mode [ 'vendor/libxml/include/libxml/xlink.h', 420, 438 ]
525 silly gunzTarPerm extractEntry vendor/libxml/include/libxml/xmlIO.h
526 silly gunzTarPerm modified mode [ 'vendor/libxml/include/libxml/xmlIO.h', 420, 438 ]
527 silly gunzTarPerm extractEntry vendor/libxml/include/libxml/xmlautomata.h
528 silly gunzTarPerm modified mode [ 'vendor/libxml/include/libxml/xmlautomata.h', 420, 438 ]
529 silly gunzTarPerm extractEntry vendor/libxml/include/libxml/xmlerror.h
530 silly gunzTarPerm modified mode [ 'vendor/libxml/include/libxml/xmlerror.h', 420, 438 ]
531 silly gunzTarPerm extractEntry vendor/libxml/include/libxml/xmlexports.h
532 silly gunzTarPerm modified mode [ 'vendor/libxml/include/libxml/xmlexports.h', 420, 438 ]
533 silly gunzTarPerm extractEntry vendor/libxml/include/libxml/xmlmemory.h
534 silly gunzTarPerm modified mode [ 'vendor/libxml/include/libxml/xmlmemory.h', 420, 438 ]
535 silly gunzTarPerm extractEntry vendor/libxml/include/libxml/xmlmodule.h
536 silly gunzTarPerm modified mode [ 'vendor/libxml/include/libxml/xmlmodule.h', 420, 438 ]
537 silly gunzTarPerm extractEntry vendor/libxml/include/libxml/xmlreader.h
538 silly gunzTarPerm modified mode [ 'vendor/libxml/include/libxml/xmlreader.h', 420, 438 ]
539 silly gunzTarPerm extractEntry vendor/libxml/include/libxml/xmlregexp.h
540 silly gunzTarPerm modified mode [ 'vendor/libxml/include/libxml/xmlregexp.h', 420, 438 ]
541 silly gunzTarPerm extractEntry vendor/libxml/include/libxml/xmlsave.h
542 silly gunzTarPerm modified mode [ 'vendor/libxml/include/libxml/xmlsave.h', 420, 438 ]
543 silly gunzTarPerm extractEntry vendor/libxml/include/libxml/xmlschemas.h
544 silly gunzTarPerm modified mode [ 'vendor/libxml/include/libxml/xmlschemas.h', 420, 438 ]
545 silly gunzTarPerm extractEntry vendor/libxml/include/libxml/xmlschemastypes.h
546 silly gunzTarPerm modified mode [ 'vendor/libxml/include/libxml/xmlschemastypes.h', 420, 438 ]
547 silly gunzTarPerm extractEntry vendor/libxml/include/libxml/xmlstring.h
548 silly gunzTarPerm modified mode [ 'vendor/libxml/include/libxml/xmlstring.h', 420, 438 ]
549 silly gunzTarPerm extractEntry vendor/libxml/include/libxml/xmlunicode.h
550 silly gunzTarPerm modified mode [ 'vendor/libxml/include/libxml/xmlunicode.h', 420, 438 ]
551 silly gunzTarPerm extractEntry vendor/libxml/include/libxml/xmlversion.h
552 silly gunzTarPerm modified mode [ 'vendor/libxml/include/libxml/xmlversion.h', 420, 438 ]
553 silly gunzTarPerm extractEntry vendor/libxml/include/libxml/xmlwriter.h
554 silly gunzTarPerm modified mode [ 'vendor/libxml/include/libxml/xmlwriter.h', 420, 438 ]
555 silly gunzTarPerm extractEntry vendor/libxml/include/libxml/xpath.h
556 silly gunzTarPerm modified mode [ 'vendor/libxml/include/libxml/xpath.h', 420, 438 ]
557 silly gunzTarPerm extractEntry vendor/libxml/include/libxml/xpathInternals.h
558 silly gunzTarPerm modified mode [ 'vendor/libxml/include/libxml/xpathInternals.h', 420, 438 ]
559 silly gunzTarPerm extractEntry vendor/libxml/include/libxml/xpointer.h
560 silly gunzTarPerm modified mode [ 'vendor/libxml/include/libxml/xpointer.h', 420, 438 ]
561 silly gunzTarPerm extractEntry vendor/libxml/include/win32config.h
562 silly gunzTarPerm modified mode [ 'vendor/libxml/include/win32config.h', 420, 438 ]
563 silly gunzTarPerm extractEntry vendor/libxml/include/wsockcompat.h
564 silly gunzTarPerm modified mode [ 'vendor/libxml/include/wsockcompat.h', 420, 438 ]
565 silly gunzTarPerm extractEntry vendor/libxml/legacy.c
566 silly gunzTarPerm modified mode [ 'vendor/libxml/legacy.c', 420, 438 ]
567 silly gunzTarPerm extractEntry vendor/libxml/libxml.gyp
568 silly gunzTarPerm modified mode [ 'vendor/libxml/libxml.gyp', 420, 438 ]
569 silly gunzTarPerm extractEntry vendor/libxml/libxml.h
570 silly gunzTarPerm modified mode [ 'vendor/libxml/libxml.h', 420, 438 ]
571 silly gunzTarPerm extractEntry vendor/libxml/list.c
572 silly gunzTarPerm modified mode [ 'vendor/libxml/list.c', 420, 438 ]
573 silly gunzTarPerm extractEntry vendor/libxml/nanoftp.c
574 silly gunzTarPerm modified mode [ 'vendor/libxml/nanoftp.c', 420, 438 ]
575 silly gunzTarPerm extractEntry vendor/libxml/nanohttp.c
576 silly gunzTarPerm modified mode [ 'vendor/libxml/nanohttp.c', 420, 438 ]
577 silly gunzTarPerm extractEntry vendor/libxml/parser.c
578 silly gunzTarPerm modified mode [ 'vendor/libxml/parser.c', 420, 438 ]
579 silly gunzTarPerm extractEntry vendor/libxml/parserInternals.c
580 silly gunzTarPerm modified mode [ 'vendor/libxml/parserInternals.c', 420, 438 ]
581 silly gunzTarPerm extractEntry vendor/libxml/pattern.c
582 silly gunzTarPerm modified mode [ 'vendor/libxml/pattern.c', 420, 438 ]
583 silly gunzTarPerm extractEntry vendor/libxml/relaxng.c
584 silly gunzTarPerm modified mode [ 'vendor/libxml/relaxng.c', 420, 438 ]
585 silly gunzTarPerm extractEntry vendor/libxml/runsuite.c
586 silly gunzTarPerm modified mode [ 'vendor/libxml/runsuite.c', 420, 438 ]
587 silly gunzTarPerm extractEntry vendor/libxml/save.h
588 silly gunzTarPerm modified mode [ 'vendor/libxml/save.h', 420, 438 ]
589 silly gunzTarPerm extractEntry vendor/libxml/HTMLparser.c
590 silly gunzTarPerm modified mode [ 'vendor/libxml/HTMLparser.c', 420, 438 ]
591 silly gunzTarPerm extractEntry vendor/libxml/threads.c
592 silly gunzTarPerm modified mode [ 'vendor/libxml/threads.c', 420, 438 ]
593 silly gunzTarPerm extractEntry vendor/libxml/timsort.h
594 silly gunzTarPerm modified mode [ 'vendor/libxml/timsort.h', 420, 438 ]
595 silly gunzTarPerm extractEntry vendor/libxml/tree.c
596 silly gunzTarPerm modified mode [ 'vendor/libxml/tree.c', 420, 438 ]
597 silly gunzTarPerm extractEntry vendor/libxml/trio.c
598 silly gunzTarPerm modified mode [ 'vendor/libxml/trio.c', 420, 438 ]
599 silly gunzTarPerm extractEntry vendor/libxml/trio.h
600 silly gunzTarPerm modified mode [ 'vendor/libxml/trio.h', 420, 438 ]
601 silly gunzTarPerm extractEntry vendor/libxml/triodef.h
602 silly gunzTarPerm modified mode [ 'vendor/libxml/triodef.h', 420, 438 ]
603 silly gunzTarPerm extractEntry vendor/libxml/trionan.c
604 silly gunzTarPerm modified mode [ 'vendor/libxml/trionan.c', 420, 438 ]
605 silly gunzTarPerm extractEntry vendor/libxml/trionan.h
606 silly gunzTarPerm modified mode [ 'vendor/libxml/trionan.h', 420, 438 ]
607 silly gunzTarPerm extractEntry vendor/libxml/triop.h
608 silly gunzTarPerm modified mode [ 'vendor/libxml/triop.h', 420, 438 ]
609 silly gunzTarPerm extractEntry vendor/libxml/triostr.c
610 silly gunzTarPerm modified mode [ 'vendor/libxml/triostr.c', 420, 438 ]
611 silly gunzTarPerm extractEntry vendor/libxml/triostr.h
612 silly gunzTarPerm modified mode [ 'vendor/libxml/triostr.h', 420, 438 ]
613 silly gunzTarPerm extractEntry vendor/libxml/uri.c
614 silly gunzTarPerm modified mode [ 'vendor/libxml/uri.c', 420, 438 ]
615 silly gunzTarPerm extractEntry vendor/libxml/valid.c
616 silly gunzTarPerm modified mode [ 'vendor/libxml/valid.c', 420, 438 ]
617 silly gunzTarPerm extractEntry vendor/libxml/xinclude.c
618 silly gunzTarPerm modified mode [ 'vendor/libxml/xinclude.c', 420, 438 ]
619 silly gunzTarPerm extractEntry vendor/libxml/xlink.c
620 silly gunzTarPerm modified mode [ 'vendor/libxml/xlink.c', 420, 438 ]
621 silly gunzTarPerm extractEntry vendor/libxml/xmlIO.c
622 silly gunzTarPerm modified mode [ 'vendor/libxml/xmlIO.c', 420, 438 ]
623 silly gunzTarPerm extractEntry vendor/libxml/xmlcatalog.c
624 silly gunzTarPerm modified mode [ 'vendor/libxml/xmlcatalog.c', 420, 438 ]
625 silly gunzTarPerm extractEntry vendor/libxml/xmllint.c
626 silly gunzTarPerm modified mode [ 'vendor/libxml/xmllint.c', 420, 438 ]
627 silly gunzTarPerm extractEntry vendor/libxml/xmlmemory.c
628 silly gunzTarPerm modified mode [ 'vendor/libxml/xmlmemory.c', 420, 438 ]
629 silly gunzTarPerm extractEntry vendor/libxml/xmlmodule.c
630 silly gunzTarPerm modified mode [ 'vendor/libxml/xmlmodule.c', 420, 438 ]
631 silly gunzTarPerm extractEntry vendor/libxml/xmlreader.c
632 silly gunzTarPerm modified mode [ 'vendor/libxml/xmlreader.c', 420, 438 ]
633 silly gunzTarPerm extractEntry vendor/libxml/xmlregexp.c
634 silly gunzTarPerm modified mode [ 'vendor/libxml/xmlregexp.c', 420, 438 ]
635 silly gunzTarPerm extractEntry vendor/libxml/xmlsave.c
636 silly gunzTarPerm modified mode [ 'vendor/libxml/xmlsave.c', 420, 438 ]
637 silly gunzTarPerm extractEntry vendor/libxml/xmlschemas.c
638 silly gunzTarPerm modified mode [ 'vendor/libxml/xmlschemas.c', 420, 438 ]
639 silly gunzTarPerm extractEntry vendor/libxml/xmlschemastypes.c
640 silly gunzTarPerm modified mode [ 'vendor/libxml/xmlschemastypes.c', 420, 438 ]
641 silly gunzTarPerm extractEntry vendor/libxml/xmlstring.c
642 silly gunzTarPerm modified mode [ 'vendor/libxml/xmlstring.c', 420, 438 ]
643 silly gunzTarPerm extractEntry vendor/libxml/xmlunicode.c
644 silly gunzTarPerm modified mode [ 'vendor/libxml/xmlunicode.c', 420, 438 ]
645 silly gunzTarPerm extractEntry vendor/libxml/xmlwriter.c
646 silly gunzTarPerm modified mode [ 'vendor/libxml/xmlwriter.c', 420, 438 ]
647 silly gunzTarPerm extractEntry vendor/libxml/xpath.c
648 silly gunzTarPerm modified mode [ 'vendor/libxml/xpath.c', 420, 438 ]
649 silly gunzTarPerm extractEntry vendor/libxml/xpointer.c
650 silly gunzTarPerm modified mode [ 'vendor/libxml/xpointer.c', 420, 438 ]
651 silly gunzTarPerm extractEntry vendor/libxml/xzlib.c
652 silly gunzTarPerm modified mode [ 'vendor/libxml/xzlib.c', 420, 438 ]
653 silly gunzTarPerm extractEntry vendor/libxml/xzlib.h
654 silly gunzTarPerm modified mode [ 'vendor/libxml/xzlib.h', 420, 438 ]
655 silly gentlyRm F:\book\node_modules\.staging\libxmljs-f1103659\node_modules is being purged
656 verbose gentlyRm don't care about contents; nuking F:\book\node_modules\.staging\libxmljs-f1103659\node_modules
657 silly doParallel preinstall 3
658 silly preinstall bindings@1.2.1 F:\book\node_modules\.staging\bindings-4f0acd72
659 info lifecycle bindings@1.2.1~preinstall: bindings@1.2.1
660 silly preinstall nan@2.3.2 F:\book\node_modules\.staging\nan-5a4c28ed
661 info lifecycle nan@2.3.2~preinstall: nan@2.3.2
662 silly preinstall libxmljs@0.18.0 F:\book\node_modules\.staging\libxmljs-f1103659
663 info lifecycle libxmljs@0.18.0~preinstall: libxmljs@0.18.0
664 silly lifecycle bindings@1.2.1~preinstall: no script for preinstall, continuing
665 silly lifecycle nan@2.3.2~preinstall: no script for preinstall, continuing
666 silly lifecycle libxmljs@0.18.0~preinstall: no script for preinstall, continuing
667 silly doReverseSerial remove 0
668 silly doSerial move 0
669 silly doSerial finalize 3
670 silly finalize F:\book\node_modules\bindings
671 silly finalize F:\book\node_modules\nan
672 silly finalize F:\book\node_modules\libxmljs
673 silly doSerial build 3
674 silly build bindings@1.2.1
675 info linkStuff bindings@1.2.1
676 silly linkStuff bindings@1.2.1 has F:\book\node_modules as its parent node_modules
677 verbose linkBins bindings@1.2.1
678 verbose linkMans bindings@1.2.1
679 silly build nan@2.3.2
680 info linkStuff nan@2.3.2
681 silly linkStuff nan@2.3.2 has F:\book\node_modules as its parent node_modules
682 verbose linkBins nan@2.3.2
683 verbose linkMans nan@2.3.2
684 silly build libxmljs@0.18.0
685 info linkStuff libxmljs@0.18.0
686 silly linkStuff libxmljs@0.18.0 has F:\book\node_modules as its parent node_modules
687 verbose linkBins libxmljs@0.18.0
688 verbose linkMans libxmljs@0.18.0
689 silly doSerial global-link 0
690 silly doParallel update-linked 0
691 silly doSerial install 3
692 silly install bindings@1.2.1 F:\book\node_modules\.staging\bindings-4f0acd72
693 info lifecycle bindings@1.2.1~install: bindings@1.2.1
694 silly lifecycle bindings@1.2.1~install: no script for install, continuing
695 silly install nan@2.3.2 F:\book\node_modules\.staging\nan-5a4c28ed
696 info lifecycle nan@2.3.2~install: nan@2.3.2
697 silly lifecycle nan@2.3.2~install: no script for install, continuing
698 silly install libxmljs@0.18.0 F:\book\node_modules\.staging\libxmljs-f1103659
699 info lifecycle libxmljs@0.18.0~install: libxmljs@0.18.0
700 verbose lifecycle libxmljs@0.18.0~install: unsafe-perm in lifecycle true
701 verbose lifecycle libxmljs@0.18.0~install: PATH: C:\Users\Leo\AppData\Roaming\npm\node_modules\npm\bin\node-gyp-bin;F:\book\node_modules\libxmljs\node_modules\.bin;F:\book\node_modules\.bin;C:\Program Files\nodejs;C:\Program Files (x86)\Common Files\Intel\Shared Files\cpp\bin\Intel64;C:\oraclexe\app\oracle\product\11.2.0\server\bin;C:\oraclexe\app\oracle\product\11.2.0\server\bin;C:\Program Files (x86)\Intel\iCLS Client\;C:\Program Files\Intel\iCLS Client\;C:\windows\system32;C:\windows;C:\windows\System32\Wbem;C:\windows\System32\WindowsPowerShell\v1.0\;C:\Program Files (x86)\Intel\OpenCL SDK\3.0\bin\x86;C:\Program Files (x86)\Intel\OpenCL SDK\3.0\bin\x64;C:\Program Files\Intel\Intel(R) Management Engine Components\DAL;C:\Program Files\Intel\Intel(R) Management Engine Components\IPT;C:\Program Files (x86)\Intel\Intel(R) Management Engine Components\DAL;C:\Program Files (x86)\Intel\Intel(R) Management Engine Components\IPT;C:\Program Files\Microsoft\Web Platform Installer\;C:\Program Files (x86)\Microsoft ASP.NET\ASP.NET Web Pages\v1.0\;C:\Program Files\Microsoft SQL Server\110\Tools\Binn\;C:\Program Files (x86)\GUI Turbo Assembler\BIN;C:\Program Files (x86)\NVIDIA Corporation\PhysX\Common;C:\Program Files\Git\cmd;C:\Go\bin;C:\Program Files (x86)\Common Files\lenovo\easyplussdk\bin;C:\Program Files\Common Files\Autodesk Shared\;C:\Program Files (x86)\Skype\Phone\;C:\Program Files\nodejs\;C:\Program Files (x86)\GtkSharp\2.12\bin;C:\Program Files (x86)\Microsoft Visual Studio\Common\Tools\WinNT;C:\Program Files (x86)\Microsoft Visual Studio\Common\MSDev98\Bin;C:\Program Files (x86)\Microsoft Visual Studio\Common\Tools;F:\visualstudiofuck\VC98\bin;F:\tutorial\Python and cv2\Python27;C:\Users\Leo\AppData\Roaming\npm;C:\Program Files\Sublime Text 3
702 verbose lifecycle libxmljs@0.18.0~install: CWD: F:\book\node_modules\libxmljs
703 silly lifecycle libxmljs@0.18.0~install: Args: [ '/d /s /c', 'node-gyp rebuild' ]
704 silly lifecycle libxmljs@0.18.0~install: Returned: code: 1  signal: null
705 info lifecycle libxmljs@0.18.0~install: Failed to exec install script
706 verbose unlock done using C:\Users\Leo\AppData\Roaming\npm-cache\_locks\staging-096cbd171b747525.lock for F:\book\node_modules\.staging
707 silly rollbackFailedOptional Starting
708 silly rollbackFailedOptional Finishing
709 silly runTopLevelLifecycles Starting
710 silly runTopLevelLifecycles Finishing
711 silly install printInstalled
712 warn book@1.0.0 No description
713 warn book@1.0.0 No repository field.
714 verbose stack Error: libxmljs@0.18.0 install: `node-gyp rebuild`
714 verbose stack Exit status 1
714 verbose stack     at EventEmitter.<anonymous> (C:\Users\Leo\AppData\Roaming\npm\node_modules\npm\lib\utils\lifecycle.js:242:16)
714 verbose stack     at emitTwo (events.js:87:13)
714 verbose stack     at EventEmitter.emit (events.js:172:7)
714 verbose stack     at ChildProcess.<anonymous> (C:\Users\Leo\AppData\Roaming\npm\node_modules\npm\lib\utils\spawn.js:40:14)
714 verbose stack     at emitTwo (events.js:87:13)
714 verbose stack     at ChildProcess.emit (events.js:172:7)
714 verbose stack     at maybeClose (internal/child_process.js:827:16)
714 verbose stack     at Process.ChildProcess._handle.onexit (internal/child_process.js:211:5)
715 verbose pkgid libxmljs@0.18.0
716 verbose cwd F:\book
717 error Windows_NT 6.2.9200
718 error argv "C:\\Program Files\\nodejs\\node.exe" "C:\\Users\\Leo\\AppData\\Roaming\\npm\\node_modules\\npm\\bin\\npm-cli.js" "install" "libxmljs"
719 error node v4.4.7
720 error npm  v3.10.5
721 error code ELIFECYCLE
722 error libxmljs@0.18.0 install: `node-gyp rebuild`
722 error Exit status 1
723 error Failed at the libxmljs@0.18.0 install script 'node-gyp rebuild'.
723 error Make sure you have the latest version of node.js and npm installed.
723 error If you do, this is most likely a problem with the libxmljs package,
723 error not with npm itself.
723 error Tell the author that this fails on your system:
723 error     node-gyp rebuild
723 error You can get information on how to open an issue for this project with:
723 error     npm bugs libxmljs
723 error Or if that isn't available, you can get their info via:
723 error     npm owner ls libxmljs
723 error There is likely additional logging output above.
724 verbose exit [ 1, true ]
